12/08/2018 8:36:07 PM	This log contains information about the import schema operation into project 'Victorion.Timesheet.SQL' on computer 'DESKTOP-MN6GOPJ' by user 'Adrian'.
12/08/2018 8:36:07 PM	Import of database schema has started.
12/08/2018 8:36:11 PM	Gathering database credentials
12/08/2018 8:36:11 PM	Gathering database options
12/08/2018 8:36:11 PM	Gathering users
12/08/2018 8:36:11 PM	Gathering roles
12/08/2018 8:36:11 PM	Gathering application roles
12/08/2018 8:36:11 PM	Gathering role memberships
12/08/2018 8:36:11 PM	Gathering filegroups
12/08/2018 8:36:11 PM	Gathering full-text catalogs
12/08/2018 8:36:11 PM	Gathering assemblies
12/08/2018 8:36:11 PM	Gathering certificates
12/08/2018 8:36:11 PM	Gathering asymmetric keys
12/08/2018 8:36:11 PM	Gathering symmetric keys
12/08/2018 8:36:11 PM	Gathering encrypted symmetric keys
12/08/2018 8:36:11 PM	Gathering schemas
12/08/2018 8:36:11 PM	Gathering XML schema collections
12/08/2018 8:36:11 PM	Gathering user-defined data types
12/08/2018 8:36:11 PM	Gathering user-defined types
12/08/2018 8:36:11 PM	Gathering table types
12/08/2018 8:36:11 PM	Gathering unique keys for table types
12/08/2018 8:36:11 PM	Gathering primary keys for table types
12/08/2018 8:36:11 PM	Gathering indexes for table types
12/08/2018 8:36:11 PM	Gathering check constraints for table types
12/08/2018 8:36:11 PM	Gathering default constraints for table types
12/08/2018 8:36:11 PM	Gathering partition functions
12/08/2018 8:36:11 PM	Gathering partition schemes
12/08/2018 8:36:11 PM	Gathering functions
12/08/2018 8:36:11 PM	Gathering encrypted functions
12/08/2018 8:36:11 PM	Gathering aggregates
12/08/2018 8:36:11 PM	Gathering procedures
12/08/2018 8:36:11 PM	Gathering encrypted procedures
12/08/2018 8:36:11 PM	Gathering tables
12/08/2018 8:36:11 PM	Gathering primary keys
12/08/2018 8:36:11 PM	Gathering unique constraints
12/08/2018 8:36:11 PM	Gathering foreign keys
12/08/2018 8:36:11 PM	Gathering default constraints
12/08/2018 8:36:11 PM	Gathering check constraints
12/08/2018 8:36:11 PM	Gathering views
12/08/2018 8:36:11 PM	Gathering encrypted views
12/08/2018 8:36:11 PM	Gathering indexes
12/08/2018 8:36:11 PM	Gathering statistics
12/08/2018 8:36:11 PM	Gathering full-text index stoplists
12/08/2018 8:36:11 PM	Gathering search property lists
12/08/2018 8:36:11 PM	Gathering search properties
12/08/2018 8:36:11 PM	Gathering full-text indexes
12/08/2018 8:36:11 PM	Gathering column store indexes
12/08/2018 8:36:11 PM	Gathering spatial indexes
12/08/2018 8:36:11 PM	Gathering XML indexes
12/08/2018 8:36:11 PM	Gathering Selective XML indexes
12/08/2018 8:36:11 PM	Gathering encrypted triggers
12/08/2018 8:36:11 PM	Gathering triggers
12/08/2018 8:36:11 PM	Gathering encrypted and clr ddl triggers
12/08/2018 8:36:11 PM	Gathering ddl triggers
12/08/2018 8:36:11 PM	Gathering synonyms
12/08/2018 8:36:11 PM	Gathering defaults
12/08/2018 8:36:11 PM	Gathering data constraint uddt bindings
12/08/2018 8:36:11 PM	Gathering rules
12/08/2018 8:36:11 PM	Gathering data constraint uddt bindings
12/08/2018 8:36:11 PM	Gathering message types
12/08/2018 8:36:11 PM	Gathering queues
12/08/2018 8:36:11 PM	Gathering contracts
12/08/2018 8:36:11 PM	Gathering services
12/08/2018 8:36:11 PM	Gathering event notifications
12/08/2018 8:36:11 PM	Gathering remote service bindings
12/08/2018 8:36:11 PM	Gathering broker priorities
12/08/2018 8:36:11 PM	Gathering signatures
12/08/2018 8:36:11 PM	Gathering data compression options
12/08/2018 8:36:11 PM	Gathering sequence types
12/08/2018 8:36:11 PM	Gathering security policies
12/08/2018 8:36:11 PM	Gather column encryption keys
12/08/2018 8:36:11 PM	Gathering column master keys
12/08/2018 8:36:11 PM	Gathering external data sources
12/08/2018 8:36:11 PM	Gathering external file formats
12/08/2018 8:36:11 PM	Gathering external tables
12/08/2018 8:36:11 PM	Gathering extended properties
12/08/2018 8:36:11 PM	Scanning project for duplicate elements
12/08/2018 8:36:11 PM	Finished duplicate element processing
12/08/2018 8:36:11 PM	Finished importing database.
12/08/2018 8:36:11 PM	A summary of the import was saved to the following location: C:\Users\Adrian\source\repos\Victorion.Timesheet\Victorion.Timesheet\Victorion.Timesheet.SQL\Import Schema Logs\Victorion.Timesheet._20180812103607.log
12/08/2018 8:36:11 PM	Click Finish to continue...
